<?xml version="1.0" encoding="UTF-8" ?>
<testsuite tests="53" failures="0" name="com.test.JSON_java.JSONObjectTest" time="0.078" errors="0" skipped="0">
  <properties>
    <property name="java.runtime.name" value="OpenJDK Runtime Environment"/>
    <property name="java.vm.version" value="13.0.2+8"/>
    <property name="sun.boot.library.path" value="/usr/local/Cellar/openjdk/13.0.2+8_2/libexec/openjdk.jdk/Contents/Home/lib"/>
    <property name="maven.multiModuleProjectDirectory" value="/Users/ruslanabilkaiyrov/Downloads/arithmetic"/>
    <property name="java.vm.vendor" value="Oracle Corporation"/>
    <property name="java.vendor.url" value="https://openjdk.java.net/"/>
    <property name="guice.disable.misplaced.annotation.check" value="true"/>
    <property name="path.separator" value=":"/>
    <property name="java.vm.name" value="OpenJDK 64-Bit Server VM"/>
    <property name="user.country" value="US"/>
    <property name="sun.java.launcher" value="SUN_STANDARD"/>
    <property name="java.vm.specification.name" value="Java Virtual Machine Specification"/>
    <property name="user.dir" value="/Users/ruslanabilkaiyrov/Downloads/arithmetic"/>
    <property name="java.vm.compressedOopsMode" value="Zero based"/>
    <property name="java.runtime.version" value="13.0.2+8"/>
    <property name="os.arch" value="x86_64"/>
    <property name="java.io.tmpdir" value="/var/folders/tn/g0fptrfn797dxq30qthr7hhh0000gn/T/"/>
    <property name="line.separator" value="
"/>
    <property name="java.vm.specification.vendor" value="Oracle Corporation"/>
    <property name="os.name" value="Mac OS X"/>
    <property name="classworlds.conf" value="/usr/local/Cellar/maven/3.6.3_1/libexec/bin/m2.conf"/>
    <property name="sun.jnu.encoding" value="UTF-8"/>
    <property name="java.library.path" value="/Users/ruslanabilkaiyrov/Library/Java/Extensions:/Library/Java/Extensions:/Network/Library/Java/Extensions:/System/Library/Java/Extensions:/usr/lib/java:."/>
    <property name="maven.conf" value="/usr/local/Cellar/maven/3.6.3_1/libexec/conf"/>
    <property name="jdk.debug" value="release"/>
    <property name="java.class.version" value="57.0"/>
    <property name="java.specification.name" value="Java Platform API Specification"/>
    <property name="sun.management.compiler" value="HotSpot 64-Bit Tiered Compilers"/>
    <property name="os.version" value="10.15.3"/>
    <property name="library.jansi.path" value="/usr/local/Cellar/maven/3.6.3_1/libexec/lib/jansi-native"/>
    <property name="http.nonProxyHosts" value="local|*.local|169.254/16|*.169.254/16"/>
    <property name="user.home" value="/Users/ruslanabilkaiyrov"/>
    <property name="user.timezone" value="America/Los_Angeles"/>
    <property name="file.encoding" value="UTF-8"/>
    <property name="java.specification.version" value="13"/>
    <property name="user.name" value="ruslanabilkaiyrov"/>
    <property name="java.class.path" value="/usr/local/Cellar/maven/3.6.3_1/libexec/boot/plexus-classworlds-2.6.0.jar"/>
    <property name="java.vm.specification.version" value="13"/>
    <property name="sun.arch.data.model" value="64"/>
    <property name="sun.java.command" value="org.codehaus.plexus.classworlds.launcher.Launcher test"/>
    <property name="java.home" value="/usr/local/Cellar/openjdk/13.0.2+8_2/libexec/openjdk.jdk/Contents/Home"/>
    <property name="user.language" value="en"/>
    <property name="java.specification.vendor" value="Oracle Corporation"/>
    <property name="java.vm.info" value="mixed mode, sharing"/>
    <property name="java.version" value="13.0.2"/>
    <property name="java.vendor" value="N/A"/>
    <property name="maven.home" value="/usr/local/Cellar/maven/3.6.3_1/libexec"/>
    <property name="file.separator" value="/"/>
    <property name="java.version.date" value="2020-01-14"/>
    <property name="java.vendor.url.bug" value="https://bugreport.java.com/bugreport/"/>
    <property name="sun.io.unicode.encoding" value="UnicodeBig"/>
    <property name="sun.cpu.endian" value="little"/>
    <property name="socksNonProxyHosts" value="local|*.local|169.254/16|*.169.254/16"/>
    <property name="ftp.nonProxyHosts" value="local|*.local|169.254/16|*.169.254/16"/>
  </properties>
  <testcase classname="com.test.JSON_java.JSONObjectTest" name="SimilarTest_notJSONObject" time="0.042"/>
  <testcase classname="com.test.JSON_java.JSONObjectTest" name="incrementTest_NonAcceptableType" time="0.006"/>
  <testcase classname="com.test.JSON_java.JSONObjectTest" name="incrementTest_nullValue" time="0"/>
  <testcase classname="com.test.JSON_java.JSONObjectTest" name="stringToValue_emptyTest" time="0"/>
  <testcase classname="com.test.JSON_java.JSONObjectTest" name="SimilarTest_IdenticalKeys_differentAutoGeneratedValues" time="0"/>
  <testcase classname="com.test.JSON_java.JSONObjectTest" name="obj2BigInteger_double" time="0.002"/>
  <testcase classname="com.test.JSON_java.JSONObjectTest" name="incrementTest_Double" time="0.001"/>
  <testcase classname="com.test.JSON_java.JSONObjectTest" name="obj2BigInteger_bigDecimal" time="0"/>
  <testcase classname="com.test.JSON_java.JSONObjectTest" name="testMulti" time="0.011"/>
  <testcase classname="com.test.JSON_java.JSONObjectTest" name="stringToValue_numNegative" time="0.002"/>
  <testcase classname="com.test.JSON_java.JSONObjectTest" name="obj2BigInteger_bigInteger" time="0.001"/>
  <testcase classname="com.test.JSON_java.JSONObjectTest" name="toJSONArray" time="0.001"/>
  <testcase classname="com.test.JSON_java.JSONObjectTest" name="incrementTest_Integer" time="0"/>
  <testcase classname="com.test.JSON_java.JSONObjectTest" name="JSONObjectConstructorMap" time="0"/>
  <testcase classname="com.test.JSON_java.JSONObjectTest" name="toMapTest" time="0"/>
  <testcase classname="com.test.JSON_java.JSONObjectTest" name="getNumberTest" time="0"/>
  <testcase classname="com.test.JSON_java.JSONObjectTest" name="incrementTest_Float" time="0"/>
  <testcase classname="com.test.JSON_java.JSONObjectTest" name="putNullKeyTest" time="0"/>
  <testcase classname="com.test.JSON_java.JSONObjectTest" name="stringToValue_trueTest" time="0"/>
  <testcase classname="com.test.JSON_java.JSONObjectTest" name="getNumberTest_exception" time="0.001"/>
  <testcase classname="com.test.JSON_java.JSONObjectTest" name="putOnceDuplicateKeyTest_autoGenInputs" time="0"/>
  <testcase classname="com.test.JSON_java.JSONObjectTest" name="SimilarTest_IdenticalKeys_IdenticalJSONObjectValues" time="0.001"/>
  <testcase classname="com.test.JSON_java.JSONObjectTest" name="SimilarTest_IdenticalKeysIdenticalValues" time="0"/>
  <testcase classname="com.test.JSON_java.JSONObjectTest" name="stringToValue_nullTest" time="0"/>
  <testcase classname="com.test.JSON_java.JSONObjectTest" name="obj2BigInteger_AtomicInteger" time="0.001"/>
  <testcase classname="com.test.JSON_java.JSONObjectTest" name="incrementTest_BigDecimal" time="0"/>
  <testcase classname="com.test.JSON_java.JSONObjectTest" name="incrementTest_Long" time="0.001"/>
  <testcase classname="com.test.JSON_java.JSONObjectTest" name="stringToValueTestRandom" time="0"/>
  <testcase classname="com.test.JSON_java.JSONObjectTest" name="JSONObjectConstructorMap_autoGenInputs" time="0.001"/>
  <testcase classname="com.test.JSON_java.JSONObjectTest" name="incrementTest_BigInteger" time="0"/>
  <testcase classname="com.test.JSON_java.JSONObjectTest" name="stringToValueTest0" time="0.001"/>
  <testcase classname="com.test.JSON_java.JSONObjectTest" name="stringToValueTest1" time="0"/>
  <testcase classname="com.test.JSON_java.JSONObjectTest" name="stringToValueTest2" time="0"/>
  <testcase classname="com.test.JSON_java.JSONObjectTest" name="stringToValue_num1" time="0"/>
  <testcase classname="com.test.JSON_java.JSONObjectTest" name="JSONObjectConstructorSubset1" time="0"/>
  <testcase classname="com.test.JSON_java.JSONObjectTest" name="JSONObjectConstructorSubset2" time="0"/>
  <testcase classname="com.test.JSON_java.JSONObjectTest" name="obj2BigInteger_Short" time="0"/>
  <testcase classname="com.test.JSON_java.JSONObjectTest" name="obj2BigInteger_float" time="0"/>
  <testcase classname="com.test.JSON_java.JSONObjectTest" name="obj2BigInteger_Integer" time="0"/>
  <testcase classname="com.test.JSON_java.JSONObjectTest" name="obj2BigInteger_DoubleAdder" time="0.003"/>
  <testcase classname="com.test.JSON_java.JSONObjectTest" name="SimilarTest_IdenticalKeysDifferentValues" time="0"/>
  <testcase classname="com.test.JSON_java.JSONObjectTest" name="SimilarTest_KeysDoNotMatch_AutoInputs" time="0"/>
  <testcase classname="com.test.JSON_java.JSONObjectTest" name="stringToValueTestNegative" time="0.001"/>
  <testcase classname="com.test.JSON_java.JSONObjectTest" name="obj2BigInteger_defaultValue" time="0"/>
  <testcase classname="com.test.JSON_java.JSONObjectTest" name="incrementTest_int" time="0.001"/>
  <testcase classname="com.test.JSON_java.JSONObjectTest" name="SimilarTest_KeysDoNotMatch" time="0"/>
  <testcase classname="com.test.JSON_java.JSONObjectTest" name="putOnceDuplicateKeyTest" time="0.001"/>
  <testcase classname="com.test.JSON_java.JSONObjectTest" name="similarTest_Empty" time="0"/>
  <testcase classname="com.test.JSON_java.JSONObjectTest" name="SimilarTest_IdenticalKeys_differentJSONObjectValues" time="0"/>
  <testcase classname="com.test.JSON_java.JSONObjectTest" name="obj2BigInteger_Byte" time="0"/>
  <testcase classname="com.test.JSON_java.JSONObjectTest" name="obj2BigInteger_long" time="0"/>
  <testcase classname="com.test.JSON_java.JSONObjectTest" name="stringToValue_falseTest" time="0"/>
  <testcase classname="com.test.JSON_java.JSONObjectTest" name="getNumberTest_numberIsAString" time="0"/>
</testsuite>